<?xml version="1.0" encoding="UTF-8"?>
<!-- Generated by org.testng.reporters.JUnitReportReporter -->
<testsuite hostname="apples-MacBook-Pro.local" name="HandleScrollToUp" tests="1" failures="0" timestamp="11 Jun 2021 15:45:08 GMT" time="30.877" errors="0">
  <testcase name="scrollDown" time="30.877" classname="HandleScrollToUp"/>
</testsuite> <!-- HandleScrollToUp -->
