<?xml version="1.0" encoding="UTF-8"?>
<!-- Generated by org.testng.reporters.JUnitReportReporter -->
<testsuite hostname="apples-MacBook-Pro.local" name="HandleScrollDown_Program_21" tests="1" failures="0" timestamp="2 Feb 2024 20:25:02 GMT" time="29.823" errors="0">
  <testcase name="scrollDown" time="29.823" classname="HandleScrollDown_Program_21"/>
</testsuite> <!-- HandleScrollDown_Program_21 -->
