<?xml version="1.0" encoding="UTF-8"?>
<!-- Generated by org.testng.reporters.JUnitReportReporter -->
<testsuite hostname="apples-MacBook-Pro.local" name="TestEmployee" tests="1" failures="0" timestamp="30 May 2022 16:37:44 GMT" time="0.018" errors="0">
  <testcase name="testGetEmployee" time="0.018" classname="TestEmployee"/>
</testsuite> <!-- TestEmployee -->
