<?xml version="1.0" encoding="UTF-8"?>
<!-- Generated by org.testng.reporters.JUnitReportReporter -->
<testsuite hostname="apples-MacBook-Pro.local" name="ScrollToBottom_Program_22" tests="1" failures="0" timestamp="11 Jun 2021 15:45:55 GMT" time="23.591" errors="0">
  <testcase name="scrollDown" time="23.591" classname="ScrollToBottom_Program_22"/>
</testsuite> <!-- ScrollToBottom_Program_22 -->
